<?xml version="1.0" encoding="UTF-8"?>
<testng-results skipped="1" failed="0" total="1" passed="0">
  <reporter-output>
  </reporter-output>
  <suite name="Default suite" duration-ms="38" started-at="2015-09-26T09:20:46Z" finished-at="2015-09-26T09:20:46Z">
    <groups>
    </groups>
    <test name="Default test" duration-ms="38" started-at="2015-09-26T09:20:46Z" finished-at="2015-09-26T09:20:46Z">
      <class name="com.olx.techathon.suite.TestCases_Posting">
        <test-method status="FAIL" signature="Before()[pri:0, instance:com.olx.techathon.suite.TestCases_Posting@28864e92]" name="Before" is-config="true" duration-ms="0" started-at="2015-09-26T14:50:46Z" finished-at="2015-09-26T14:50:46Z">
          <exception class="java.lang.NullPointerException">
            <full-stacktrace>
              <![CDATA[java.lang.NullPointerException
	at com.naukri.GenericFunctionsPack.GenericFunctions.SetImplicitWaitInSeconds(GenericFunctions.java:51)
	at com.naukri.GenericFunctionsPack.GenericFunctions.StartDriver(GenericFunctions.java:148)
	at com.olx.techathon.suite.TestCases_Posting.Before(TestCases_Posting.java:19)
	at sun.reflect.NativeMethodAccessorImpl.invoke0(Native Method)
	at sun.reflect.NativeMethodAccessorImpl.invoke(NativeMethodAccessorImpl.java:62)
	at sun.reflect.DelegatingMethodAccessorImpl.invoke(DelegatingMethodAccessorImpl.java:43)
	at java.lang.reflect.Method.invoke(Method.java:483)
	at org.testng.internal.MethodInvocationHelper.invokeMethod(MethodInvocationHelper.java:85)
	at org.testng.internal.Invoker.invokeConfigurationMethod(Invoker.java:521)
	at org.testng.internal.Invoker.invokeConfigurations(Invoker.java:213)
	at org.testng.internal.Invoker.invokeMethod(Invoker.java:605)
	at org.testng.internal.Invoker.invokeTestMethod(Invoker.java:849)
	at org.testng.internal.Invoker.invokeTestMethods(Invoker.java:1157)
	at org.testng.internal.TestMethodWorker.invokeTestMethods(TestMethodWorker.java:124)
	at org.testng.internal.TestMethodWorker.run(TestMethodWorker.java:108)
	at org.testng.TestRunner.privateRun(TestRunner.java:771)
	at org.testng.TestRunner.run(TestRunner.java:621)
	at org.testng.SuiteRunner.runTest(SuiteRunner.java:357)
	at org.testng.SuiteRunner.runSequentially(SuiteRunner.java:352)
	at org.testng.SuiteRunner.privateRun(SuiteRunner.java:310)
	at org.testng.SuiteRunner.run(SuiteRunner.java:259)
	at org.testng.SuiteRunnerWorker.runSuite(SuiteRunnerWorker.java:52)
	at org.testng.SuiteRunnerWorker.run(SuiteRunnerWorker.java:86)
	at org.testng.TestNG.runSuitesSequentially(TestNG.java:1200)
	at org.testng.TestNG.runSuitesLocally(TestNG.java:1125)
	at org.testng.TestNG.run(TestNG.java:1033)
	at org.testng.remote.RemoteTestNG.run(RemoteTestNG.java:111)
	at org.testng.remote.RemoteTestNG.initAndRun(RemoteTestNG.java:204)
	at org.testng.remote.RemoteTestNG.main(RemoteTestNG.java:175)
]]>
            </full-stacktrace>
          </exception> <!-- java.lang.NullPointerException -->
          <reporter-output>
          </reporter-output>
        </test-method> <!-- Before -->
        <test-method status="SKIP" signature="AddPosting_Mobile()[pri:0, instance:com.olx.techathon.suite.TestCases_Posting@28864e92]" name="AddPosting_Mobile" duration-ms="2" started-at="2015-09-26T14:50:46Z" finished-at="2015-09-26T14:50:46Z">
          <reporter-output>
          </reporter-output>
        </test-method> <!-- AddPosting_Mobile -->
        <test-method status="SKIP" signature="CloseDriver()[pri:0, instance:com.olx.techathon.suite.TestCases_Posting@28864e92]" name="CloseDriver" is-config="true" duration-ms="0" started-at="2015-09-26T14:50:46Z" finished-at="2015-09-26T14:50:46Z">
          <reporter-output>
          </reporter-output>
        </test-method> <!-- CloseDriver -->
      </class> <!-- com.olx.techathon.suite.TestCases_Posting -->
    </test> <!-- Default test -->
  </suite> <!-- Default suite -->
</testng-results>
